Using pre-set license
Built from '2020.3/staging' branch; Version is '2020.3.13f1 (71691879b7f5) revision 7432472'; Using compiler version '192528614'; Build Type 'Release'
OS: 'Windows 10 Pro; OS build 19043.1288; Version 2009; 64bit' Language: 'ko' Physical Memory: 16309 MB
BatchMode: 1, IsHumanControllingUs: 0, StartBugReporterOnCrash: 0, Is64bit: 1, IsPro: 0

 COMMAND LINE ARGUMENTS:
C:\Program Files\Unity\Hub\Editor\2020.3.13f1\Editor\Unity.exe
-adb2
-batchMode
-noUpm
-name
AssetImportWorker0
-projectPath
C:/Users/양지훈/Desktop/PracticeCodes/2021 2nd Semester/GEP 1
-logFile
Logs/AssetImportWorker0.log
-srvPort
8885
Successfully changed project path to: C:/Users/양지훈/Desktop/PracticeCodes/2021 2nd Semester/GEP 1
C:/Users/양지훈/Desktop/PracticeCodes/2021 2nd Semester/GEP 1
Using Asset Import Pipeline V2.
Refreshing native plugins compatible for Editor in 20.11 ms, found 2 plugins.
Preloading 0 native plugins for Editor in 0.00 ms.
Initialize engine version: 2020.3.13f1 (71691879b7f5)
[Subsystems] Discovering subsystems at path C:/Program Files/Unity/Hub/Editor/2020.3.13f1/Editor/Data/Resources/UnitySubsystems
[Subsystems] Discovering subsystems at path C:/Users/양지훈/Desktop/PracticeCodes/2021 2nd Semester/GEP 1/Assets
GfxDevice: creating device client; threaded=0
Direct3D:
    Version:  Direct3D 11.0 [level 11.1]
    Renderer: NVIDIA GeForce GTX 1070 (ID=0x1b81)
    Vendor:   
    VRAM:     8088 MB
    Driver:   30.0.14.7212
Initialize mono
Mono path[0] = 'C:/Program Files/Unity/Hub/Editor/2020.3.13f1/Editor/Data/Managed'
Mono path[1] = 'C:/Program Files/Unity/Hub/Editor/2020.3.13f1/Editor/Data/MonoBleedingEdge/lib/mono/unityjit'
Mono config path = 'C:/Program Files/Unity/Hub/Editor/2020.3.13f1/Editor/Data/MonoBleedingEdge/etc'
Using monoOptions --debugger-agent=transport=dt_socket,embedding=1,server=y,suspend=n,address=127.0.0.1:56012
Begin MonoManager ReloadAssembly
Registering precompiled unity dll's ...
Register platform support module: C:/Program Files/Unity/Hub/Editor/2020.3.13f1/Editor/Data/PlaybackEngines/WindowsStandaloneSupport/UnityEditor.WindowsStandalone.Extensions.dll
Registered in 0.001369 seconds.
Native extension for WindowsStandalone target not found
Refreshing native plugins compatible for Editor in 19.37 ms, found 2 plugins.
Preloading 0 native plugins for Editor in 0.00 ms.
Mono: successfully reloaded assembly
- Completed reload, in  1.228 seconds
Platform modules already initialized, skipping
Registering precompiled user dll's ...
Registered in 0.002559 seconds.
Begin MonoManager ReloadAssembly
Native extension for WindowsStandalone target not found
Refreshing native plugins compatible for Editor in 0.32 ms, found 2 plugins.
Preloading 0 native plugins for Editor in 0.00 ms.
Mono: successfully reloaded assembly
- Completed reload, in  0.642 seconds
Platform modules already initialized, skipping
========================================================================
Worker process is ready to serve import requests
Launched and connected shader compiler UnityShaderCompiler.exe after 0.04 seconds
Refreshing native plugins compatible for Editor in 0.34 ms, found 2 plugins.
Preloading 0 native plugins for Editor in 0.00 ms.
Unloading 1409 Unused Serialized files (Serialized files now loaded: 0)
System memory in use before: 161.7 MB.
System memory in use after: 161.8 MB.

Unloading 18 unused Assets to reduce memory usage. Loaded Objects now: 1884.
Total: 1.862600 ms (FindLiveObjects: 0.153400 ms CreateObjectMapping: 0.042200 ms MarkObjects: 1.549800 ms  DeleteObjects: 0.116400 ms)

AssetImportParameters requested are different than current active one (requested -> active):
  custom:framework-win-MediaFoundation: 216162199b28c13a410421893ffa2e32 -> 
  custom:video-decoder-ogg-theora: a1e56fd34408186e4bbccfd4996cb3dc -> 
  custom:container-muxer-webm: aa71ff27fc2769a1b78a27578f13a17b -> 
  custom:container-demuxer-webm: 4f35f7cbe854078d1ac9338744f61a02 -> 
  custom:container-demuxer-ogg: 62fdf1f143b41e24485cea50d1cbac27 -> 
  custom:video-encoder-webm-vp8: eb34c28f22e8b96e1ab97ce403110664 -> 
  custom:video-decoder-webm-vp8: 9c59270c3fd7afecdb556c50c9e8de78 -> 
  custom:audio-decoder-ogg-vorbis: bf7c407c2cedff20999df2af8eb42d56 -> 
  custom:audio-encoder-webm-vorbis: bf7c407c2cedff20999df2af8eb42d56 -> 
========================================================================
Received Import Request.
  path: Assets/Animations/WargAnimatorController.controller
  artifactKey: Guid(8aee0374d84553144ab745690dcac89d) Importer(815301076,1909f56bfc062723c751e8b465ee728b)
Start importing Assets/Animations/WargAnimatorController.controller using Guid(8aee0374d84553144ab745690dcac89d) Importer(815301076,1909f56bfc062723c751e8b465ee728b)  -> (artifact id: '43641b96e336638367d96ee9cb77255d') in 0.027626 seconds 
  Import took 0.029870 seconds .

========================================================================
Received Import Request.
  Time since last request: 125.947851 seconds.
  path: Assets/Effect/New Material 2.mat
  artifactKey: Guid(63053a16c6aab7042b8141b856f62a1e) Importer(815301076,1909f56bfc062723c751e8b465ee728b)
Start importing Assets/Effect/New Material 2.mat using Guid(63053a16c6aab7042b8141b856f62a1e) Importer(815301076,1909f56bfc062723c751e8b465ee728b)  -> (artifact id: '449927d2dca90a8b0db95cf59aae0a3e') in 0.066101 seconds 
  Import took 0.068386 seconds .

AssetImportWorkerClient::OnTransportError - code=2 error=End of file
